NotePad-master/app/build/intermediates/manifest_merge_blame_file/debug/manifest-merger-blame-debug-report.txt
1<?xml version="1.0" encoding="utf-8"?>
2<manifest xmlns:android="http://schemas.android.com/apk/res/android"
3    package="com.example.android.notepad" >
4
5    <uses-sdk
6        android:minSdkVersion="31"
6-->src\main\AndroidManifest.xml
7        android:targetSdkVersion="32" />
7-->src\main\AndroidManifest.xml
8
9    <application
9-->src\main\AndroidManifest.xml:6:5-143:19
10        android:appComponentFactory="android.support.v4.app.CoreComponentFactory"
10-->[com.android.support:support-compat:28.0.0] AndroidManifest.xml:22:18-91
11        android:debuggable="true"
12        android:extractNativeLibs="false"
13        android:icon="@drawable/app_notes"
13-->src\main\AndroidManifest.xml:7:9-43
14        android:label="@string/app_name"
14-->src\main\AndroidManifest.xml:8:9-41
15        android:testOnly="true" >
16        <provider
16-->src\main\AndroidManifest.xml:11:9-16:20
17            android:name="com.example.android.notepad.NotePadProvider"
17-->src\main\AndroidManifest.xml:12:13-44
18            android:authorities="com.google.provider.NotePad"
18-->src\main\AndroidManifest.xml:13:13-62
19            android:exported="false" >
19-->src\main\AndroidManifest.xml:14:13-37
20            <grant-uri-permission android:pathPattern=".*" />
20-->src\main\AndroidManifest.xml:15:13-62
20-->src\main\AndroidManifest.xml:15:35-59
21        </provider>
22
23        <activity
23-->src\main\AndroidManifest.xml:18:9-46:20
24            android:name="com.example.android.notepad.NotesList"
24-->src\main\AndroidManifest.xml:19:13-38
25            android:exported="true"
25-->src\main\AndroidManifest.xml:20:13-36
26            android:label="@string/title_notes_list"
26-->src\main\AndroidManifest.xml:21:13-53
27            android:theme="@android:style/Theme.Holo.Light" >
27-->src\main\AndroidManifest.xml:22:13-60
28            <intent-filter>
28-->src\main\AndroidManifest.xml:23:13-27:29
29                <action android:name="android.intent.action.MAIN" />
29-->src\main\AndroidManifest.xml:24:17-69
29-->src\main\AndroidManifest.xml:24:25-66
30
31                <category android:name="android.intent.category.LAUNCHER" />
31-->src\main\AndroidManifest.xml:26:17-77
31-->src\main\AndroidManifest.xml:26:27-74
32            </intent-filter>
33            <intent-filter android:scheme="http" >
33-->src\main\AndroidManifest.xml:28:13-38:29
33-->src\main\AndroidManifest.xml:29:17-38
34                <action android:name="android.intent.action.VIEW" />
34-->src\main\AndroidManifest.xml:31:17-69
34-->src\main\AndroidManifest.xml:31:25-66
35                <action android:name="android.intent.action.EDIT" />
35-->src\main\AndroidManifest.xml:32:17-69
35-->src\main\AndroidManifest.xml:32:25-66
36                <action android:name="android.intent.action.PICK" />
36-->src\main\AndroidManifest.xml:33:17-69
36-->src\main\AndroidManifest.xml:33:25-66
37
38                <category android:name="android.intent.category.DEFAULT" />
38-->src\main\AndroidManifest.xml:35:17-76
38-->src\main\AndroidManifest.xml:35:27-73
39
40                <data android:mimeType="vnd.android.cursor.dir/vnd.google.note" />
40-->src\main\AndroidManifest.xml:37:17-83
40-->src\main\AndroidManifest.xml:37:23-80
41            </intent-filter>
42            <intent-filter>
42-->src\main\AndroidManifest.xml:39:13-45:29
43                <action android:name="android.intent.action.GET_CONTENT" />
43-->src\main\AndroidManifest.xml:40:17-76
43-->src\main\AndroidManifest.xml:40:25-73
44
45                <category android:name="android.intent.category.DEFAULT" />
45-->src\main\AndroidManifest.xml:35:17-76
45-->src\main\AndroidManifest.xml:35:27-73
46
47                <data android:mimeType="vnd.android.cursor.item/vnd.google.note" />
47-->src\main\AndroidManifest.xml:37:17-83
47-->src\main\AndroidManifest.xml:37:23-80
48            </intent-filter>
49        </activity>
50        <activity
50-->src\main\AndroidManifest.xml:47:9-85:20
51            android:name="com.example.android.notepad.NoteEditor"
51-->src\main\AndroidManifest.xml:48:13-39
52            android:configChanges="keyboardHidden|orientation"
52-->src\main\AndroidManifest.xml:49:13-63
53            android:exported="true"
53-->src\main\AndroidManifest.xml:50:13-36
54            android:screenOrientation="sensor"
54-->src\main\AndroidManifest.xml:51:13-47
55            android:theme="@android:style/Theme.Holo.Light" >
55-->src\main\AndroidManifest.xml:52:13-60
56
57            <!--
58                 This filter says that we can view or edit the data of
59                 a single note
60            -->
61            <intent-filter
61-->src\main\AndroidManifest.xml:58:13-69:29
62                android:label="@string/resolve_edit"
62-->src\main\AndroidManifest.xml:59:17-53
63                android:scheme="http" >
63-->src\main\AndroidManifest.xml:60:17-38
64                <action android:name="android.intent.action.VIEW" />
64-->src\main\AndroidManifest.xml:31:17-69
64-->src\main\AndroidManifest.xml:31:25-66
65                <action android:name="android.intent.action.EDIT" />
65-->src\main\AndroidManifest.xml:32:17-69
65-->src\main\AndroidManifest.xml:32:25-66
66                <action android:name="com.android.notepad.action.EDIT_NOTE" />
66-->src\main\AndroidManifest.xml:64:17-79
66-->src\main\AndroidManifest.xml:64:25-76
67
68                <category android:name="android.intent.category.DEFAULT" />
68-->src\main\AndroidManifest.xml:35:17-76
68-->src\main\AndroidManifest.xml:35:27-73
69
70                <data android:mimeType="vnd.android.cursor.item/vnd.google.note" />
70-->src\main\AndroidManifest.xml:37:17-83
70-->src\main\AndroidManifest.xml:37:23-80
71            </intent-filter>
72
73            <!--
74                 This filter says that we can create a new note inside
75                 of a directory of notes.  The INSERT action creates an
76                 empty note; the PASTE action initializes a new note from
77                 the current contents of the clipboard.
78            -->
79            <intent-filter>
79-->src\main\AndroidManifest.xml:77:13-84:29
80                <action android:name="android.intent.action.INSERT" />
80-->src\main\AndroidManifest.xml:78:17-71
80-->src\main\AndroidManifest.xml:78:25-68
81                <action android:name="android.intent.action.PASTE" />
81-->src\main\AndroidManifest.xml:79:17-70
81-->src\main\AndroidManifest.xml:79:25-67
82
83                <category android:name="android.intent.category.DEFAULT" />
83-->src\main\AndroidManifest.xml:35:17-76
83-->src\main\AndroidManifest.xml:35:27-73
84
85                <data android:mimeType="vnd.android.cursor.dir/vnd.google.note" />
85-->src\main\AndroidManifest.xml:37:17-83
85-->src\main\AndroidManifest.xml:37:23-80
86            </intent-filter>
87        </activity>
88        <activity
88-->src\main\AndroidManifest.xml:86:9-123:20
89            android:name="com.example.android.notepad.TitleEditor"
89-->src\main\AndroidManifest.xml:87:13-40
90            android:exported="true"
90-->src\main\AndroidManifest.xml:88:13-36
91            android:icon="@drawable/ic_menu_edit"
91-->src\main\AndroidManifest.xml:89:13-50
92            android:label="@string/title_edit_title"
92-->src\main\AndroidManifest.xml:90:13-53
93            android:theme="@android:style/Theme.Holo.Dialog"
93-->src\main\AndroidManifest.xml:91:13-61
94            android:windowSoftInputMode="stateVisible" >
94-->src\main\AndroidManifest.xml:92:13-55
95
96            <!--
97                 This activity implements an alternative action that can be
98                 performed on notes: editing their title.  It can be used as
99                 a default operation if the user invokes this action, and is
100                 available as an alternative action for any note data.
101            -->
102            <intent-filter android:label="@string/resolve_title" >
102-->src\main\AndroidManifest.xml:100:13-122:29
102-->src\main\AndroidManifest.xml:100:28-65
103
104                <!--
105                     This is the action we perform.  It is a custom action we
106                     define for our application, not a generic VIEW or EDIT
107                     action since we are not a general note viewer/editor.
108                -->
109                <action android:name="com.android.notepad.action.EDIT_TITLE" />
109-->src\main\AndroidManifest.xml:107:17-80
109-->src\main\AndroidManifest.xml:107:25-77
110                <!-- DEFAULT: execute if being directly invoked. -->
111                <category android:name="android.intent.category.DEFAULT" />
111-->src\main\AndroidManifest.xml:35:17-76
111-->src\main\AndroidManifest.xml:35:27-73
112                <!--
113                     ALTERNATIVE: show as an alternative action when the user is
114                     working with this type of data.
115                -->
116                <category android:name="android.intent.category.ALTERNATIVE" />
116-->src\main\AndroidManifest.xml:114:17-80
116-->src\main\AndroidManifest.xml:114:27-77
117                <!--
118                     SELECTED_ALTERNATIVE: show as an alternative action the user
119                     can perform when selecting this type of data.
120                -->
121                <category android:name="android.intent.category.SELECTED_ALTERNATIVE" />
121-->src\main\AndroidManifest.xml:119:17-89
121-->src\main\AndroidManifest.xml:119:27-86
122                <!-- This is the data type we operate on. -->
123                <data android:mimeType="vnd.android.cursor.item/vnd.google.note" />
123-->src\main\AndroidManifest.xml:37:17-83
123-->src\main\AndroidManifest.xml:37:23-80
124            </intent-filter>
125        </activity>
126        <activity
126-->src\main\AndroidManifest.xml:124:9-134:20
127            android:name="com.example.android.notepad.NotesLiveFolder"
127-->src\main\AndroidManifest.xml:125:13-44
128            android:exported="true"
128-->src\main\AndroidManifest.xml:126:13-36
129            android:icon="@drawable/live_folder_notes"
129-->src\main\AndroidManifest.xml:127:13-55
130            android:label="@string/live_folder_name" >
130-->src\main\AndroidManifest.xml:128:13-53
131            <intent-filter>
131-->src\main\AndroidManifest.xml:129:13-133:29
132                <action android:name="android.intent.action.CREATE_LIVE_FOLDER" />
132-->src\main\AndroidManifest.xml:130:17-83
132-->src\main\AndroidManifest.xml:130:25-80
133
134                <category android:name="android.intent.category.DEFAULT" />
134-->src\main\AndroidManifest.xml:35:17-76
134-->src\main\AndroidManifest.xml:35:27-73
135            </intent-filter>
136        </activity>
137        <activity
137-->src\main\AndroidManifest.xml:135:9-138:63
138            android:name="com.example.android.notepad.NoteSearch"
138-->src\main\AndroidManifest.xml:136:13-39
139            android:label="@string/search_note"
139-->src\main\AndroidManifest.xml:137:13-48
140            android:theme="@android:style/Theme.Holo.Light" />
140-->src\main\AndroidManifest.xml:138:13-60
141        <activity
141-->src\main\AndroidManifest.xml:139:9-142:70
142            android:name="com.example.android.notepad.NoteColor"
142-->src\main\AndroidManifest.xml:140:13-38
143            android:label="@string/change_color"
143-->src\main\AndroidManifest.xml:141:13-49
144            android:theme="@android:style/Theme.Holo.Light.Dialog" />
144-->src\main\AndroidManifest.xml:142:13-67
145    </application>
146
147</manifest>